<?xml version="1.0" encoding="UTF-8"?>
<!-- Generated by org.testng.reporters.JUnitReportReporter -->
<testsuite hostname="IBM-PF5EC87N" failures="0" tests="2" name="cucumber.runners.CucumberRunner" time="15.087" errors="0" timestamp="2025-06-01T21:02:03 WIB" skipped="0">
  <testcase classname="cucumber.runners.CucumberRunner" name="runScenario" time="12.239"/>
  <testcase classname="cucumber.runners.CucumberRunner" name="runScenario" time="2.848"/>
</testsuite> <!-- cucumber.runners.CucumberRunner -->
